<?xml version="1.0" encoding="UTF-8"?>
<!-- Generated by org.testng.reporters.JUnitXMLReporter -->
<testsuite ignored="0" hostname="lenovo" failures="0" tests="3" name="Default test" time="11.981" errors="0" timestamp="2024-08-13T22:20:35 IST">
  <testcase classname="Tests.Home" name="TC_01_Navigate_To_Homepage" time="10.528"/>
  <testcase classname="Tests.Home" name="TC_02_Validate_HomePage" time="0.043"/>
  <testcase classname="Tests.Home" name="TC_03_Validate_Login_Fields" time="0.06"/>
</testsuite> <!-- Default test -->
