<?xml version="1.0" encoding="UTF-8"?>
<!-- Generated by org.testng.reporters.JUnitXMLReporter -->
<testsuite ignored="0" hostname="lenovo" failures="0" tests="4" name="Default test" time="9.064" errors="0" timestamp="2024-08-14T21:33:47 IST">
  <testcase classname="Tests.Home" name="TC_01_Navigate_To_Homepage" time="5.425"/>
  <testcase classname="Tests.Home" name="TC_02_Validate_HomePage" time="0.049"/>
  <testcase classname="Tests.Home" name="TC_03_Validate_Login_Fields" time="0.14"/>
  <testcase classname="Tests.Home" name="TC_04_Trying_To_Login_without_Giving_Any_Values_To_Username_And_Password_Fields" time="2.025"/>
</testsuite> <!-- Default test -->
