<?xml version="1.0" encoding="UTF-8"?>
<!-- Generated by org.testng.reporters.JUnitXMLReporter -->
<testsuite ignored="0" hostname="lenovo" failures="0" tests="6" name="Test" time="12.232" errors="0" timestamp="2024-08-18T11:41:37 IST">
  <testcase classname="Tests.Home" name="TC_01_NavigateToHomepage" time="3.645"/>
  <testcase classname="Tests.ForgotLoginInfo" name="TC_01_ValidateForgotLoginInfoPageFields" time="0.058"/>
  <testcase classname="Tests.Home" name="TC_02_ValidateHomePage" time="5.066"/>
  <testcase classname="Tests.Home" name="TC_03_ValidateLoginFields" time="0.134"/>
  <testcase classname="Tests.Home" name="TC_04_TryingToLoginWithoutGivingAnyValuesToUsernameAndPasswordFields" time="0.482"/>
  <testcase classname="Tests.Home" name="TC_05_SuccessfulLoginWithCorrectCredientials" time="1.313"/>
</testsuite> <!-- Test -->
