<?xml version="1.0" encoding="UTF-8"?>
<!-- Generated by org.testng.reporters.JUnitXMLReporter -->
<testsuite ignored="0" hostname="lenovo" failures="0" tests="5" name="Test" time="10.494" errors="0" timestamp="2024-08-14T22:03:32 IST">
  <testcase classname="Tests.Home" name="TC_01_NavigateToHomepage" time="2.614"/>
  <testcase classname="Tests.Home" name="TC_02_ValidateHomePage" time="0.064"/>
  <testcase classname="Tests.Home" name="TC_03_ValidateLoginFields" time="0.144"/>
  <testcase classname="Tests.Home" name="TC_04_TryingToLoginWithoutGivingAnyValuesToUsernameAndPasswordFields" time="0.483"/>
  <testcase classname="Tests.ForgotLoginInfo" name="ValidateForgotLoginInfoPageFields" time="0.048"/>
</testsuite> <!-- Test -->
