<?xml version="1.0" encoding="UTF-8"?>
<testng-results ignored="0" total="3" passed="3" failed="0" skipped="0">
  <reporter-output>
  </reporter-output>
  <suite started-at="2024-08-13T22:20:23 IST" name="Default suite" finished-at="2024-08-13T22:20:35 IST" duration-ms="11981">
    <groups>
    </groups>
    <test started-at="2024-08-13T22:20:23 IST" name="Default test" finished-at="2024-08-13T22:20:35 IST" duration-ms="11981">
      <class name="Tests.Home">
        <test-method is-config="true" signature="setup()[pri:0, instance:Tests.Home@7161d8d1]" started-at="2024-08-13T22:20:23 IST" name="setup" finished-at="2024-08-13T22:20:24 IST" duration-ms="1319" status="PASS">
          <reporter-output>
          </reporter-output>
        </test-method> <!-- setup -->
        <test-method signature="TC_01_Navigate_To_Homepage()[pri:0, instance:Tests.Home@7161d8d1]" started-at="2024-08-13T22:20:24 IST" name="TC_01_Navigate_To_Homepage" finished-at="2024-08-13T22:20:35 IST" duration-ms="10528" status="PASS">
          <reporter-output>
          </reporter-output>
        </test-method> <!-- TC_01_Navigate_To_Homepage -->
        <test-method signature="TC_02_Validate_HomePage()[pri:0, instance:Tests.Home@7161d8d1]" started-at="2024-08-13T22:20:35 IST" name="TC_02_Validate_HomePage" finished-at="2024-08-13T22:20:35 IST" duration-ms="43" status="PASS">
          <reporter-output>
          </reporter-output>
        </test-method> <!-- TC_02_Validate_HomePage -->
        <test-method signature="TC_03_Validate_Login_Fields()[pri:0, instance:Tests.Home@7161d8d1]" started-at="2024-08-13T22:20:35 IST" name="TC_03_Validate_Login_Fields" finished-at="2024-08-13T22:20:35 IST" duration-ms="60" status="PASS">
          <reporter-output>
          </reporter-output>
        </test-method> <!-- TC_03_Validate_Login_Fields -->
      </class> <!-- Tests.Home -->
    </test> <!-- Default test -->
  </suite> <!-- Default suite -->
</testng-results>
