<?xml version="1.0" encoding="UTF-8"?>
<testng-results ignored="0" total="6" passed="6" failed="0" skipped="0">
  <reporter-output>
  </reporter-output>
  <suite started-at="2024-08-18T11:41:25 IST" name="Suite" finished-at="2024-08-18T11:41:37 IST" duration-ms="12232">
    <groups>
    </groups>
    <test started-at="2024-08-18T11:41:25 IST" name="Test" finished-at="2024-08-18T11:41:37 IST" duration-ms="12232">
      <class name="Tests.ForgotLoginInfo">
        <test-method is-config="true" signature="setUp()[pri:0, instance:Tests.ForgotLoginInfo@75437611]" started-at="2024-08-18T11:41:25 IST" name="setUp" finished-at="2024-08-18T11:41:30 IST" duration-ms="5392" status="PASS">
          <reporter-output>
          </reporter-output>
        </test-method> <!-- setUp -->
        <test-method signature="TC_01_ValidateForgotLoginInfoPageFields()[pri:0, instance:Tests.ForgotLoginInfo@75437611]" started-at="2024-08-18T11:41:30 IST" name="TC_01_ValidateForgotLoginInfoPageFields" finished-at="2024-08-18T11:41:30 IST" duration-ms="58" status="PASS">
          <reporter-output>
          </reporter-output>
        </test-method> <!-- TC_01_ValidateForgotLoginInfoPageFields -->
      </class> <!-- Tests.ForgotLoginInfo -->
      <class name="Tests.Home">
        <test-method is-config="true" signature="setup()[pri:0, instance:Tests.Home@53fb3dab]" started-at="2024-08-18T11:41:25 IST" name="setup" finished-at="2024-08-18T11:41:26 IST" duration-ms="1549" status="PASS">
          <reporter-output>
          </reporter-output>
        </test-method> <!-- setup -->
        <test-method signature="TC_01_NavigateToHomepage()[pri:0, instance:Tests.Home@53fb3dab]" started-at="2024-08-18T11:41:26 IST" name="TC_01_NavigateToHomepage" finished-at="2024-08-18T11:41:30 IST" duration-ms="3645" status="PASS">
          <reporter-output>
          </reporter-output>
        </test-method> <!-- TC_01_NavigateToHomepage -->
        <test-method signature="TC_02_ValidateHomePage()[pri:0, instance:Tests.Home@53fb3dab]" started-at="2024-08-18T11:41:30 IST" name="TC_02_ValidateHomePage" finished-at="2024-08-18T11:41:35 IST" duration-ms="5066" status="PASS">
          <reporter-output>
          </reporter-output>
        </test-method> <!-- TC_02_ValidateHomePage -->
        <test-method signature="TC_03_ValidateLoginFields()[pri:0, instance:Tests.Home@53fb3dab]" started-at="2024-08-18T11:41:35 IST" name="TC_03_ValidateLoginFields" finished-at="2024-08-18T11:41:35 IST" duration-ms="134" status="PASS">
          <reporter-output>
          </reporter-output>
        </test-method> <!-- TC_03_ValidateLoginFields -->
        <test-method signature="TC_04_TryingToLoginWithoutGivingAnyValuesToUsernameAndPasswordFields()[pri:0, instance:Tests.Home@53fb3dab]" started-at="2024-08-18T11:41:35 IST" name="TC_04_TryingToLoginWithoutGivingAnyValuesToUsernameAndPasswordFields" finished-at="2024-08-18T11:41:36 IST" duration-ms="482" status="PASS">
          <reporter-output>
          </reporter-output>
        </test-method> <!-- TC_04_TryingToLoginWithoutGivingAnyValuesToUsernameAndPasswordFields -->
        <test-method signature="TC_05_SuccessfulLoginWithCorrectCredientials(java.lang.String,java.lang.String)[pri:0, instance:Tests.Home@53fb3dab]" started-at="2024-08-18T11:41:36 IST" name="TC_05_SuccessfulLoginWithCorrectCredientials" finished-at="2024-08-18T11:41:37 IST" duration-ms="1313" status="PASS">
          <params>
            <param index="0">
              <value>
                <![CDATA[joe614]]>
              </value>
            </param>
            <param index="1">
              <value>
                <![CDATA[joe614]]>
              </value>
            </param>
          </params>
          <reporter-output>
          </reporter-output>
        </test-method> <!-- TC_05_SuccessfulLoginWithCorrectCredientials -->
      </class> <!-- Tests.Home -->
    </test> <!-- Test -->
  </suite> <!-- Suite -->
</testng-results>
